<?xml version="1.0" encoding="UTF-8"?>
<testng-results skipped="0" failed="0" ignored="0" total="2" passed="2">
  <reporter-output>
  </reporter-output>
  <suite name="Default suite" duration-ms="45289" started-at="2018-06-03T05:53:04Z" finished-at="2018-06-03T05:53:49Z">
    <groups>
    </groups>
    <test name="Default test" duration-ms="45289" started-at="2018-06-03T05:53:04Z" finished-at="2018-06-03T05:53:49Z">
      <class name="testcases.TC001_CreateLead">
        <test-method status="PASS" signature="beforeSuite()[pri:0, instance:testcases.TC001_CreateLead@5ce81285]" name="beforeSuite" is-config="true" duration-ms="421" started-at="2018-06-03T05:53:03Z" finished-at="2018-06-03T05:53:04Z">
          <reporter-output>
          </reporter-output>
        </test-method> <!-- beforeSuite -->
        <test-method status="PASS" signature="setData()[pri:0, instance:testcases.TC001_CreateLead@5ce81285]" name="setData" is-config="true" duration-ms="0" started-at="2018-06-03T05:53:04Z" finished-at="2018-06-03T05:53:04Z">
          <reporter-output>
          </reporter-output>
        </test-method> <!-- setData -->
        <test-method status="PASS" signature="beforeClass()[pri:0, instance:testcases.TC001_CreateLead@5ce81285]" name="beforeClass" is-config="true" duration-ms="0" started-at="2018-06-03T05:53:04Z" finished-at="2018-06-03T05:53:04Z">
          <reporter-output>
          </reporter-output>
        </test-method> <!-- beforeClass -->
        <test-method status="PASS" signature="beforeMethod()[pri:0, instance:testcases.TC001_CreateLead@5ce81285]" name="beforeMethod" is-config="true" duration-ms="10600" started-at="2018-06-03T05:53:04Z" finished-at="2018-06-03T05:53:15Z">
          <reporter-output>
          </reporter-output>
        </test-method> <!-- beforeMethod -->
        <test-method status="PASS" signature="createLead(java.lang.String, java.lang.String, java.lang.String, java.lang.String, java.lang.String)[pri:0, instance:testcases.TC001_CreateLead@5ce81285]" name="createLead" duration-ms="10856" started-at="2018-06-03T05:53:15Z" data-provider="fetchData" finished-at="2018-06-03T05:53:26Z">
          <params>
            <param index="0">
              <value>
                <![CDATA[DemoSalesManager]]>
              </value>
            </param>
            <param index="1">
              <value>
                <![CDATA[crmsfa]]>
              </value>
            </param>
            <param index="2">
              <value>
                <![CDATA[TCS]]>
              </value>
            </param>
            <param index="3">
              <value>
                <![CDATA[Dhinesh]]>
              </value>
            </param>
            <param index="4">
              <value>
                <![CDATA[Kumar]]>
              </value>
            </param>
          </params>
          <reporter-output>
          </reporter-output>
        </test-method> <!-- createLead -->
        <test-method status="PASS" signature="afterMethod()[pri:0, instance:testcases.TC001_CreateLead@5ce81285]" name="afterMethod" is-config="true" duration-ms="640" started-at="2018-06-03T05:53:26Z" finished-at="2018-06-03T05:53:27Z">
          <reporter-output>
          </reporter-output>
        </test-method> <!-- afterMethod -->
        <test-method status="PASS" signature="beforeMethod()[pri:0, instance:testcases.TC001_CreateLead@5ce81285]" name="beforeMethod" is-config="true" duration-ms="5262" started-at="2018-06-03T05:53:27Z" finished-at="2018-06-03T05:53:32Z">
          <reporter-output>
          </reporter-output>
        </test-method> <!-- beforeMethod -->
        <test-method status="PASS" signature="createLead(java.lang.String, java.lang.String, java.lang.String, java.lang.String, java.lang.String)[pri:0, instance:testcases.TC001_CreateLead@5ce81285]" name="createLead" duration-ms="16449" started-at="2018-06-03T05:53:32Z" data-provider="fetchData" finished-at="2018-06-03T05:53:48Z">
          <params>
            <param index="0">
              <value>
                <![CDATA[DemoCSR]]>
              </value>
            </param>
            <param index="1">
              <value>
                <![CDATA[crmsfa]]>
              </value>
            </param>
            <param index="2">
              <value>
                <![CDATA[CTS]]>
              </value>
            </param>
            <param index="3">
              <value>
                <![CDATA[Kumar]]>
              </value>
            </param>
            <param index="4">
              <value>
                <![CDATA[Dhinesh]]>
              </value>
            </param>
          </params>
          <reporter-output>
          </reporter-output>
        </test-method> <!-- createLead -->
        <test-method status="PASS" signature="afterMethod()[pri:0, instance:testcases.TC001_CreateLead@5ce81285]" name="afterMethod" is-config="true" duration-ms="655" started-at="2018-06-03T05:53:48Z" finished-at="2018-06-03T05:53:49Z">
          <reporter-output>
          </reporter-output>
        </test-method> <!-- afterMethod -->
        <test-method status="PASS" signature="afterTest()[pri:0, instance:testcases.TC001_CreateLead@5ce81285]" name="afterTest" is-config="true" duration-ms="0" started-at="2018-06-03T05:53:49Z" finished-at="2018-06-03T05:53:49Z">
          <reporter-output>
          </reporter-output>
        </test-method> <!-- afterTest -->
        <test-method status="PASS" signature="afterSuite()[pri:0, instance:testcases.TC001_CreateLead@5ce81285]" name="afterSuite" is-config="true" duration-ms="437" started-at="2018-06-03T05:53:49Z" finished-at="2018-06-03T05:53:49Z">
          <reporter-output>
          </reporter-output>
        </test-method> <!-- afterSuite -->
      </class> <!-- testcases.TC001_CreateLead -->
    </test> <!-- Default test -->
  </suite> <!-- Default suite -->
</testng-results>
